<?xml version="1.0" encoding="UTF-8"?>
<!-- Generated by org.testng.reporters.JUnitReportReporter -->
<testsuite skipped="0" hostname="Chinna" name="oopsPOM1.LoginTest" tests="2" failures="0" timestamp="14 Dec 2019 08:08:31 GMT" time="42.632" errors="0">
  <testcase name="verifyLoginpageTitle" time="13.556" classname="oopsPOM1.LoginTest"/>
  <testcase name="Login" time="29.076" classname="oopsPOM1.LoginTest"/>
</testsuite> <!-- oopsPOM1.LoginTest -->
