<?xml version="1.0" encoding="UTF-8"?>
<!-- Generated by org.testng.reporters.JUnitReportReporter -->
<testsuite skipped="0" hostname="Chinna" name="oopsPOM1.LoginTest" tests="2" failures="0" timestamp="16 Dec 2019 11:03:34 GMT" time="37.984" errors="0">
  <testcase name="verifyLoginpageTitle" time="13.609" classname="oopsPOM1.LoginTest"/>
  <testcase name="Login" time="24.375" classname="oopsPOM1.LoginTest"/>
</testsuite> <!-- oopsPOM1.LoginTest -->
